Copyright 1986-2022 Xilinx, Inc. All Rights Reserved. Copyright 2022-2025 Advanced Micro Devices, Inc. All Rights Reserved.
---------------------------------------------------------------------------------------------------------------------------------------------
| Tool Version : Vivado v.2025.2 (lin64) Build 6299465 Fri Nov 14 12:34:56 MST 2025
| Date         : Sat Mar 28 02:08:27 2026
| Host         : j31415-WS1 running 64-bit Ubuntu 24.04.4 LTS
| Command      : report_timing_summary -file /home/j31415/repos/min8_cpu/fpga/xc7k70t_fib_led_demo/reports/timing_summary_post_route.rpt
| Design       : min8_fib_led_demo_bram_top
| Device       : 7k70t-fbg676
| Speed File   : -1  PRODUCTION 1.12 2017-02-17
| Design State : Routed
---------------------------------------------------------------------------------------------------------------------------------------------

Timing Summary Report

------------------------------------------------------------------------------------------------
| Timer Settings
| --------------
------------------------------------------------------------------------------------------------

  Enable Multi Corner Analysis               :  Yes
  Enable Pessimism Removal                   :  Yes
  Pessimism Removal Resolution               :  Nearest Common Node
  Enable Input Delay Default Clock           :  No
  Enable Preset / Clear Arcs                 :  No
  Disable Flight Delays                      :  No
  Ignore I/O Paths                           :  No
  Timing Early Launch at Borrowing Latches   :  No
  Borrow Time for Max Delay Exceptions       :  Yes
  Merge Timing Exceptions                    :  Yes
  Inter-SLR Compensation                     :  Conservative

  Corner  Analyze    Analyze    
  Name    Max Paths  Min Paths  
  ------  ---------  ---------  
  Slow    Yes        Yes        
  Fast    Yes        Yes        


------------------------------------------------------------------------------------------------
| Report Methodology
| ------------------
------------------------------------------------------------------------------------------------

Rule       Severity  Description                                                  Violations  
---------  --------  -----------------------------------------------------------  ----------  
SYNTH-6    Warning   Timing of a RAM block might be sub-optimal                   1           
TIMING-30  Warning   Sub-optimal master source pin selection for generated clock  1           

Note: This report is based on the most recent report_methodology run and may not be up-to-date. Run report_methodology on the current design for the latest report.



check_timing report

Table of Contents
-----------------
1. checking no_clock (0)
2. checking constant_clock (0)
3. checking pulse_width_clock (0)
4. checking unconstrained_internal_endpoints (0)
5. checking no_input_delay (0)
6. checking no_output_delay (8)
7. checking multiple_clock (0)
8. checking generated_clocks (0)
9. checking loops (0)
10. checking partial_input_delay (0)
11. checking partial_output_delay (0)
12. checking latch_loops (0)

1. checking no_clock (0)
------------------------
 There are 0 register/latch pins with no clock.


2. checking constant_clock (0)
------------------------------
 There are 0 register/latch pins with constant_clock.


3. checking pulse_width_clock (0)
---------------------------------
 There are 0 register/latch pins which need pulse_width check


4. checking unconstrained_internal_endpoints (0)
------------------------------------------------
 There are 0 pins that are not constrained for maximum delay.

 There are 0 pins that are not constrained for maximum delay due to constant clock.


5. checking no_input_delay (0)
------------------------------
 There are 0 input ports with no input delay specified.

 There are 0 input ports with no input delay but user has a false path constraint.


6. checking no_output_delay (8)
-------------------------------
 There are 8 ports with no output delay specified. (HIGH)

 There are 0 ports with no output delay but user has a false path constraint

 There are 0 ports with no output delay but with a timing clock defined on it or propagating through it


7. checking multiple_clock (0)
------------------------------
 There are 0 register/latch pins with multiple clocks.


8. checking generated_clocks (0)
--------------------------------
 There are 0 generated clocks that are not connected to a clock source.


9. checking loops (0)
---------------------
 There are 0 combinational loops in the design.


10. checking partial_input_delay (0)
------------------------------------
 There are 0 input ports with partial input delay specified.


11. checking partial_output_delay (0)
-------------------------------------
 There are 0 ports with partial output delay specified.


12. checking latch_loops (0)
----------------------------
 There are 0 combinational latch loops in the design through latch input



------------------------------------------------------------------------------------------------
| Design Timing Summary
| ---------------------
------------------------------------------------------------------------------------------------

    WNS(ns)      TNS(ns)  TNS Failing Endpoints  TNS Total Endpoints      WHS(ns)      THS(ns)  THS Failing Endpoints  THS Total Endpoints     WPWS(ns)     TPWS(ns)  TPWS Failing Endpoints  TPWS Total Endpoints  
    -------      -------  ---------------------  -------------------      -------      -------  ---------------------  -------------------     --------     --------  ----------------------  --------------------  
      3.422        0.000                      0                  449        0.085        0.000                      0                  449        1.100        0.000                       0                   164  


All user specified timing constraints are met.


------------------------------------------------------------------------------------------------
| Clock Summary
| -------------
------------------------------------------------------------------------------------------------

Clock           Waveform(ns)         Period(ns)      Frequency(MHz)
-----           ------------         ----------      --------------
clk_200m        {0.000 2.500}        5.000           200.000         
  clk_100m_pll  {0.000 5.000}        10.000          100.000         
  clk_core      {0.000 5.000}        10.000          100.000         
  clkfb_pll     {0.000 2.500}        5.000           200.000         


------------------------------------------------------------------------------------------------
| Intra Clock Table
| -----------------
------------------------------------------------------------------------------------------------

Clock               WNS(ns)      TNS(ns)  TNS Failing Endpoints  TNS Total Endpoints      WHS(ns)      THS(ns)  THS Failing Endpoints  THS Total Endpoints     WPWS(ns)     TPWS(ns)  TPWS Failing Endpoints  TPWS Total Endpoints  
-----               -------      -------  ---------------------  -------------------      -------      -------  ---------------------  -------------------     --------     --------  ----------------------  --------------------  
clk_200m                                                                                                                                                          1.100        0.000                       0                     1  
  clk_100m_pll                                                                                                                                                    8.400        0.000                       0                     2  
  clk_core            3.422        0.000                      0                  449        0.085        0.000                      0                  449        4.600        0.000                       0                   158  
  clkfb_pll                                                                                                                                                       3.400        0.000                       0                     3  


------------------------------------------------------------------------------------------------
| Inter Clock Table
| -----------------
------------------------------------------------------------------------------------------------

From Clock    To Clock          WNS(ns)      TNS(ns)  TNS Failing Endpoints  TNS Total Endpoints      WHS(ns)      THS(ns)  THS Failing Endpoints  THS Total Endpoints  
----------    --------          -------      -------  ---------------------  -------------------      -------      -------  ---------------------  -------------------  


------------------------------------------------------------------------------------------------
| Other Path Groups Table
| -----------------------
------------------------------------------------------------------------------------------------

Path Group    From Clock    To Clock          WNS(ns)      TNS(ns)  TNS Failing Endpoints  TNS Total Endpoints      WHS(ns)      THS(ns)  THS Failing Endpoints  THS Total Endpoints  
----------    ----------    --------          -------      -------  ---------------------  -------------------      -------      -------  ---------------------  -------------------  


------------------------------------------------------------------------------------------------
| Timing Details
| --------------
------------------------------------------------------------------------------------------------


---------------------------------------------------------------------------------------------------
From Clock:  clk_200m
  To Clock:  clk_200m

Setup :           NA  Failing Endpoints,  Worst Slack           NA  ,  Total Violation           NA
Hold  :           NA  Failing Endpoints,  Worst Slack           NA  ,  Total Violation           NA
PW    :            0  Failing Endpoints,  Worst Slack        1.100ns,  Total Violation        0.000ns
---------------------------------------------------------------------------------------------------


Pulse Width Checks
--------------------------------------------------------------------------------------
Clock Name:         clk_200m
Waveform(ns):       { 0.000 2.500 }
Period(ns):         5.000
Sources:            { clk_200M_p }

Check Type        Corner  Lib Pin           Reference Pin  Required(ns)  Actual(ns)  Slack(ns)  Location        Pin
Min Period        n/a     PLLE2_ADV/CLKIN1  n/a            1.249         5.000       3.751      PLLE2_ADV_X1Y0  u_pll/CLKIN1
Max Period        n/a     PLLE2_ADV/CLKIN1  n/a            52.633        5.000       47.633     PLLE2_ADV_X1Y0  u_pll/CLKIN1
Low Pulse Width   Slow    PLLE2_ADV/CLKIN1  n/a            1.400         2.500       1.100      PLLE2_ADV_X1Y0  u_pll/CLKIN1
High Pulse Width  Slow    PLLE2_ADV/CLKIN1  n/a            1.400         2.500       1.100      PLLE2_ADV_X1Y0  u_pll/CLKIN1



---------------------------------------------------------------------------------------------------
From Clock:  clk_100m_pll
  To Clock:  clk_100m_pll

Setup :           NA  Failing Endpoints,  Worst Slack           NA  ,  Total Violation           NA
Hold  :           NA  Failing Endpoints,  Worst Slack           NA  ,  Total Violation           NA
PW    :            0  Failing Endpoints,  Worst Slack        8.400ns,  Total Violation        0.000ns
---------------------------------------------------------------------------------------------------


Pulse Width Checks
--------------------------------------------------------------------------------------
Clock Name:         clk_100m_pll
Waveform(ns):       { 0.000 5.000 }
Period(ns):         10.000
Sources:            { u_pll/CLKOUT0 }

Check Type  Corner  Lib Pin            Reference Pin  Required(ns)  Actual(ns)  Slack(ns)  Location        Pin
Min Period  n/a     BUFG/I             n/a            1.600         10.000      8.400      BUFGCTRL_X0Y0   u_bufg_core/I
Max Period  n/a     PLLE2_ADV/CLKOUT0  n/a            160.000       10.000      150.000    PLLE2_ADV_X1Y0  u_pll/CLKOUT0



---------------------------------------------------------------------------------------------------
From Clock:  clk_core
  To Clock:  clk_core

Setup :            0  Failing Endpoints,  Worst Slack        3.422ns,  Total Violation        0.000ns
Hold  :            0  Failing Endpoints,  Worst Slack        0.085ns,  Total Violation        0.000ns
PW    :            0  Failing Endpoints,  Worst Slack        4.600ns,  Total Violation        0.000ns
---------------------------------------------------------------------------------------------------


Max Delay Paths
--------------------------------------------------------------------------------------
Slack (MET) :             3.422ns  (required time - arrival time)
  Source:                 u_mem/mem_reg/CLKBWRCLK
                            (rising edge-triggered cell RAMB18E1 clocked by clk_core  {rise@0.000ns fall@5.000ns period=10.000ns})
  Destination:            u_core/u_regfile/regs_reg[4][5]/D
                            (rising edge-triggered cell FDRE clocked by clk_core  {rise@0.000ns fall@5.000ns period=10.000ns})
  Path Group:             clk_core
  Path Type:              Setup (Max at Slow Process Corner)
  Requirement:            10.000ns  (clk_core rise@10.000ns - clk_core rise@0.000ns)
  Data Path Delay:        6.467ns  (logic 2.425ns (37.499%)  route 4.042ns (62.501%))
  Logic Levels:           4  (LUT2=1 LUT6=3)
  Clock Path Skew:        0.000ns (DCD - SCD + CPR)
    Destination Clock Delay (DCD):    -2.149ns = ( 7.851 - 10.000 ) 
    Source Clock Delay      (SCD):    -2.529ns
    Clock Pessimism Removal (CPR):    -0.379ns
  Clock Uncertainty:      0.066ns  ((TSJ^2 + DJ^2)^1/2) / 2 + PE
    Total System Jitter     (TSJ):    0.071ns
    Discrete Jitter          (DJ):    0.112ns
    Phase Error              (PE):    0.000ns

    Location             Delay type                Incr(ns)  Path(ns)    Netlist Resource(s)
  -------------------------------------------------------------------    -------------------
                         (clock clk_core rise edge)
                                                      0.000     0.000 r  
    AA10                                              0.000     0.000 r  clk_200M_p (IN)
                         net (fo=0)                   0.000     0.000    clk_200M_p
    AA10                 IBUFDS (Prop_ibufds_I_O)     0.885     0.885 r  u_ibufg_sys_clk/O
                         net (fo=1, routed)           1.253     2.138    clk_200m_ibuf
    PLLE2_ADV_X1Y0       PLLE2_ADV (Prop_plle2_adv_CLKIN1_CLKOUT0)
                                                     -8.129    -5.991 r  u_pll/CLKOUT0
                         net (fo=1, routed)           1.925    -4.066    clk_100m_pll
    BUFGCTRL_X0Y0        BUFG (Prop_bufg_I_O)         0.120    -3.946 r  u_bufg_core/O
                         net (fo=158, routed)         1.418    -2.529    u_mem/clk_core
    RAMB18_X0Y30         RAMB18E1                                     r  u_mem/mem_reg/CLKBWRCLK
  -------------------------------------------------------------------    -------------------
    RAMB18_X0Y30         RAMB18E1 (Prop_ramb18e1_CLKBWRCLK_DOBDO[1])
                                                      2.080    -0.449 f  u_mem/mem_reg/DOBDO[1]
                         net (fo=89, routed)          1.598     1.150    u_mem/DOBDO[1]
    SLICE_X8Y82          LUT2 (Prop_lut2_I1_O)        0.067     1.217 r  u_mem/c_i_11/O
                         net (fo=5, routed)           0.746     1.963    u_mem/c_i_11_n_0
    SLICE_X8Y82          LUT6 (Prop_lut6_I1_O)        0.172     2.135 f  u_mem/regs[0][5]_i_8/O
                         net (fo=1, routed)           0.652     2.787    u_mem/regs[0][5]_i_8_n_0
    SLICE_X6Y78          LUT6 (Prop_lut6_I5_O)        0.053     2.840 r  u_mem/regs[0][5]_i_2/O
                         net (fo=2, routed)           0.363     3.203    u_core/u_regfile/regs_reg[0][5]_0
    SLICE_X5Y76          LUT6 (Prop_lut6_I1_O)        0.053     3.256 r  u_core/u_regfile/regs[0][5]_i_1/O
                         net (fo=8, routed)           0.682     3.938    u_core/u_regfile/regs[0][5]_i_1_n_0
    SLICE_X3Y73          FDRE                                         r  u_core/u_regfile/regs_reg[4][5]/D
  -------------------------------------------------------------------    -------------------

                         (clock clk_core rise edge)
                                                     10.000    10.000 r  
    AA10                                              0.000    10.000 r  clk_200M_p (IN)
                         net (fo=0)                   0.000    10.000    clk_200M_p
    AA10                 IBUFDS (Prop_ibufds_I_O)     0.775    10.775 r  u_ibufg_sys_clk/O
                         net (fo=1, routed)           1.170    11.945    clk_200m_ibuf
    PLLE2_ADV_X1Y0       PLLE2_ADV (Prop_plle2_adv_CLKIN1_CLKOUT0)
                                                     -7.374     4.571 r  u_pll/CLKOUT0
                         net (fo=1, routed)           1.831     6.402    clk_100m_pll
    BUFGCTRL_X0Y0        BUFG (Prop_bufg_I_O)         0.113     6.515 r  u_bufg_core/O
                         net (fo=158, routed)         1.336     7.851    u_core/u_regfile/clk_core
    SLICE_X3Y73          FDRE                                         r  u_core/u_regfile/regs_reg[4][5]/C
                         clock pessimism             -0.379     7.472    
                         clock uncertainty           -0.066     7.406    
    SLICE_X3Y73          FDRE (Setup_fdre_C_D)       -0.045     7.361    u_core/u_regfile/regs_reg[4][5]
  -------------------------------------------------------------------
                         required time                          7.361    
                         arrival time                          -3.938    
  -------------------------------------------------------------------
                         slack                                  3.422    





Min Delay Paths
--------------------------------------------------------------------------------------
Slack (MET) :             0.085ns  (arrival time - required time)
  Source:                 u_core/pc_reg[6]/C
                            (rising edge-triggered cell FDRE clocked by clk_core  {rise@0.000ns fall@5.000ns period=10.000ns})
  Destination:            u_mem/mem_reg/ADDRBWRADDR[10]
                            (rising edge-triggered cell RAMB18E1 clocked by clk_core  {rise@0.000ns fall@5.000ns period=10.000ns})
  Path Group:             clk_core
  Path Type:              Hold (Min at Fast Process Corner)
  Requirement:            0.000ns  (clk_core rise@0.000ns - clk_core rise@0.000ns)
  Data Path Delay:        0.312ns  (logic 0.100ns (32.085%)  route 0.212ns (67.915%))
  Logic Levels:           0  
  Clock Path Skew:        0.044ns (DCD - SCD - CPR)
    Destination Clock Delay (DCD):    -0.597ns
    Source Clock Delay      (SCD):    -0.438ns
    Clock Pessimism Removal (CPR):    -0.202ns

    Location             Delay type                Incr(ns)  Path(ns)    Netlist Resource(s)
  -------------------------------------------------------------------    -------------------
                         (clock clk_core rise edge)
                                                      0.000     0.000 r  
    AA10                                              0.000     0.000 r  clk_200M_p (IN)
                         net (fo=0)                   0.000     0.000    clk_200M_p
    AA10                 IBUFDS (Prop_ibufds_I_O)     0.315     0.315 r  u_ibufg_sys_clk/O
                         net (fo=1, routed)           0.503     0.818    clk_200m_ibuf
    PLLE2_ADV_X1Y0       PLLE2_ADV (Prop_plle2_adv_CLKIN1_CLKOUT0)
                                                     -2.550    -1.732 r  u_pll/CLKOUT0
                         net (fo=1, routed)           0.728    -1.004    clk_100m_pll
    BUFGCTRL_X0Y0        BUFG (Prop_bufg_I_O)         0.026    -0.978 r  u_bufg_core/O
                         net (fo=158, routed)         0.540    -0.438    u_core/clk_core
    SLICE_X9Y77          FDRE                                         r  u_core/pc_reg[6]/C
  -------------------------------------------------------------------    -------------------
    SLICE_X9Y77          FDRE (Prop_fdre_C_Q)         0.100    -0.338 r  u_core/pc_reg[6]/Q
                         net (fo=3, routed)           0.212    -0.126    u_mem/mem_reg_33[6]
    RAMB18_X0Y30         RAMB18E1                                     r  u_mem/mem_reg/ADDRBWRADDR[10]
  -------------------------------------------------------------------    -------------------

                         (clock clk_core rise edge)
                                                      0.000     0.000 r  
    AA10                                              0.000     0.000 r  clk_200M_p (IN)
                         net (fo=0)                   0.000     0.000    clk_200M_p
    AA10                 IBUFDS (Prop_ibufds_I_O)     0.393     0.393 r  u_ibufg_sys_clk/O
                         net (fo=1, routed)           0.554     0.947    clk_200m_ibuf
    PLLE2_ADV_X1Y0       PLLE2_ADV (Prop_plle2_adv_CLKIN1_CLKOUT0)
                                                     -3.133    -2.186 r  u_pll/CLKOUT0
                         net (fo=1, routed)           0.790    -1.396    clk_100m_pll
    BUFGCTRL_X0Y0        BUFG (Prop_bufg_I_O)         0.030    -1.366 r  u_bufg_core/O
                         net (fo=158, routed)         0.770    -0.597    u_mem/clk_core
    RAMB18_X0Y30         RAMB18E1                                     r  u_mem/mem_reg/CLKBWRCLK
                         clock pessimism              0.202    -0.394    
    RAMB18_X0Y30         RAMB18E1 (Hold_ramb18e1_CLKBWRCLK_ADDRBWRADDR[10])
                                                      0.183    -0.211    u_mem/mem_reg
  -------------------------------------------------------------------
                         required time                          0.211    
                         arrival time                          -0.126    
  -------------------------------------------------------------------
                         slack                                  0.085    





Pulse Width Checks
--------------------------------------------------------------------------------------
Clock Name:         clk_core
Waveform(ns):       { 0.000 5.000 }
Period(ns):         10.000
Sources:            { u_bufg_core/O }

Check Type        Corner  Lib Pin             Reference Pin  Required(ns)  Actual(ns)  Slack(ns)  Location      Pin
Min Period        n/a     RAMB18E1/CLKARDCLK  n/a            2.495         10.000      7.505      RAMB18_X0Y30  u_mem/mem_reg/CLKARDCLK
Low Pulse Width   Slow    FDRE/C              n/a            0.400         5.000       4.600      SLICE_X10Y73  por_count_reg[2]/C
High Pulse Width  Slow    FDRE/C              n/a            0.350         5.000       4.650      SLICE_X9Y72   core_rst_reg/C



---------------------------------------------------------------------------------------------------
From Clock:  clkfb_pll
  To Clock:  clkfb_pll

Setup :           NA  Failing Endpoints,  Worst Slack           NA  ,  Total Violation           NA
Hold  :           NA  Failing Endpoints,  Worst Slack           NA  ,  Total Violation           NA
PW    :            0  Failing Endpoints,  Worst Slack        3.400ns,  Total Violation        0.000ns
---------------------------------------------------------------------------------------------------


Pulse Width Checks
--------------------------------------------------------------------------------------
Clock Name:         clkfb_pll
Waveform(ns):       { 0.000 2.500 }
Period(ns):         5.000
Sources:            { u_pll/CLKFBOUT }

Check Type  Corner  Lib Pin            Reference Pin  Required(ns)  Actual(ns)  Slack(ns)  Location        Pin
Min Period  n/a     BUFG/I             n/a            1.600         5.000       3.400      BUFGCTRL_X0Y1   u_bufg_fb/I
Max Period  n/a     PLLE2_ADV/CLKFBIN  n/a            52.633        5.000       47.633     PLLE2_ADV_X1Y0  u_pll/CLKFBIN



