Copyright 1986-2022 Xilinx, Inc. All Rights Reserved. Copyright 2022-2025 Advanced Micro Devices, Inc. All Rights Reserved.
-------------------------------------------------------------------------------------------------------------------------------------------------
| Tool Version : Vivado v.2025.2 (lin64) Build 6299465 Fri Nov 14 12:34:56 MST 2025
| Date         : Thu Apr  9 14:52:22 2026
| Host         : j31415-s3pro running 64-bit Manjaro Linux
| Command      : report_timing_summary -file /home/j31415/repos/min8_cpu/fpga/xc7k70t_uart_peripheral_boot_demo/reports/timing_summary_synth.rpt
| Design       : min8_uart_peripheral_boot_bram_top
| Device       : 7k70t-fbg676
| Speed File   : -1  PRODUCTION 1.12 2017-02-17
| Design State : Synthesized
-------------------------------------------------------------------------------------------------------------------------------------------------

Timing Summary Report

------------------------------------------------------------------------------------------------
| Timer Settings
| --------------
------------------------------------------------------------------------------------------------

  Enable Multi Corner Analysis               :  Yes
  Enable Pessimism Removal                   :  Yes
  Pessimism Removal Resolution               :  Nearest Common Node
  Enable Input Delay Default Clock           :  No
  Enable Preset / Clear Arcs                 :  No
  Disable Flight Delays                      :  No
  Ignore I/O Paths                           :  No
  Timing Early Launch at Borrowing Latches   :  No
  Borrow Time for Max Delay Exceptions       :  Yes
  Merge Timing Exceptions                    :  Yes
  Inter-SLR Compensation                     :  Conservative

  Corner  Analyze    Analyze    
  Name    Max Paths  Min Paths  
  ------  ---------  ---------  
  Slow    Yes        Yes        
  Fast    Yes        Yes        


------------------------------------------------------------------------------------------------
| Report Methodology
| ------------------
------------------------------------------------------------------------------------------------

No report available as report_methodology has not been run prior. Run report_methodology on the current design for the summary of methodology violations.



check_timing report

Table of Contents
-----------------
1. checking no_clock (0)
2. checking constant_clock (0)
3. checking pulse_width_clock (0)
4. checking unconstrained_internal_endpoints (0)
5. checking no_input_delay (3)
6. checking no_output_delay (11)
7. checking multiple_clock (0)
8. checking generated_clocks (0)
9. checking loops (0)
10. checking partial_input_delay (0)
11. checking partial_output_delay (0)
12. checking latch_loops (0)

1. checking no_clock (0)
------------------------
 There are 0 register/latch pins with no clock.


2. checking constant_clock (0)
------------------------------
 There are 0 register/latch pins with constant_clock.


3. checking pulse_width_clock (0)
---------------------------------
 There are 0 register/latch pins which need pulse_width check


4. checking unconstrained_internal_endpoints (0)
------------------------------------------------
 There are 0 pins that are not constrained for maximum delay.

 There are 0 pins that are not constrained for maximum delay due to constant clock.


5. checking no_input_delay (3)
------------------------------
 There are 3 input ports with no input delay specified. (HIGH)

 There are 0 input ports with no input delay but user has a false path constraint.


6. checking no_output_delay (11)
--------------------------------
 There are 11 ports with no output delay specified. (HIGH)

 There are 0 ports with no output delay but user has a false path constraint

 There are 0 ports with no output delay but with a timing clock defined on it or propagating through it


7. checking multiple_clock (0)
------------------------------
 There are 0 register/latch pins with multiple clocks.


8. checking generated_clocks (0)
--------------------------------
 There are 0 generated clocks that are not connected to a clock source.


9. checking loops (0)
---------------------
 There are 0 combinational loops in the design.


10. checking partial_input_delay (0)
------------------------------------
 There are 0 input ports with partial input delay specified.


11. checking partial_output_delay (0)
-------------------------------------
 There are 0 ports with partial output delay specified.


12. checking latch_loops (0)
----------------------------
 There are 0 combinational latch loops in the design through latch input



------------------------------------------------------------------------------------------------
| Design Timing Summary
| ---------------------
------------------------------------------------------------------------------------------------

    WNS(ns)      TNS(ns)  TNS Failing Endpoints  TNS Total Endpoints      WHS(ns)      THS(ns)  THS Failing Endpoints  THS Total Endpoints     WPWS(ns)     TPWS(ns)  TPWS Failing Endpoints  TPWS Total Endpoints  
    -------      -------  ---------------------  -------------------      -------      -------  ---------------------  -------------------     --------     --------  ----------------------  --------------------  
      0.963        0.000                      0                 2454        0.012        0.000                      0                 2454        1.100        0.000                       0                   866  


All user specified timing constraints are met.


------------------------------------------------------------------------------------------------
| Clock Summary
| -------------
------------------------------------------------------------------------------------------------

Clock          Waveform(ns)         Period(ns)      Frequency(MHz)
-----          ------------         ----------      --------------
clk_200m_in    {0.000 2.500}        5.000           200.000         
  clk_pll_out  {0.000 3.333}        6.667           150.000         
    clk_core   {0.000 3.333}        6.667           150.000         
  clkfb_pll    {0.000 10.000}       20.000          50.000          


------------------------------------------------------------------------------------------------
| Intra Clock Table
| -----------------
------------------------------------------------------------------------------------------------

Clock              WNS(ns)      TNS(ns)  TNS Failing Endpoints  TNS Total Endpoints      WHS(ns)      THS(ns)  THS Failing Endpoints  THS Total Endpoints     WPWS(ns)     TPWS(ns)  TPWS Failing Endpoints  TPWS Total Endpoints  
-----              -------      -------  ---------------------  -------------------      -------      -------  ---------------------  -------------------     --------     --------  ----------------------  --------------------  
clk_200m_in                                                                                                                                                      1.100        0.000                       0                     1  
  clk_pll_out                                                                                                                                                    5.067        0.000                       0                     2  
    clk_core         0.963        0.000                      0                 2454        0.012        0.000                      0                 2454        2.423        0.000                       0                   860  
  clkfb_pll                                                                                                                                                     18.400        0.000                       0                     3  


------------------------------------------------------------------------------------------------
| Inter Clock Table
| -----------------
------------------------------------------------------------------------------------------------

From Clock    To Clock          WNS(ns)      TNS(ns)  TNS Failing Endpoints  TNS Total Endpoints      WHS(ns)      THS(ns)  THS Failing Endpoints  THS Total Endpoints  
----------    --------          -------      -------  ---------------------  -------------------      -------      -------  ---------------------  -------------------  


------------------------------------------------------------------------------------------------
| Other Path Groups Table
| -----------------------
------------------------------------------------------------------------------------------------

Path Group    From Clock    To Clock          WNS(ns)      TNS(ns)  TNS Failing Endpoints  TNS Total Endpoints      WHS(ns)      THS(ns)  THS Failing Endpoints  THS Total Endpoints  
----------    ----------    --------          -------      -------  ---------------------  -------------------      -------      -------  ---------------------  -------------------  


------------------------------------------------------------------------------------------------
| Timing Details
| --------------
------------------------------------------------------------------------------------------------


---------------------------------------------------------------------------------------------------
From Clock:  clk_200m_in
  To Clock:  clk_200m_in

Setup :           NA  Failing Endpoints,  Worst Slack           NA  ,  Total Violation           NA
Hold  :           NA  Failing Endpoints,  Worst Slack           NA  ,  Total Violation           NA
PW    :            0  Failing Endpoints,  Worst Slack        1.100ns,  Total Violation        0.000ns
---------------------------------------------------------------------------------------------------


Pulse Width Checks
--------------------------------------------------------------------------------------
Clock Name:         clk_200m_in
Waveform(ns):       { 0.000 2.500 }
Period(ns):         5.000
Sources:            { clk_200M_p }

Check Type        Corner  Lib Pin           Reference Pin  Required(ns)  Actual(ns)  Slack(ns)  Location  Pin
Min Period        n/a     PLLE2_ADV/CLKIN1  n/a            1.249         5.000       3.751                u_pll/CLKIN1
Max Period        n/a     PLLE2_ADV/CLKIN1  n/a            52.633        5.000       47.633               u_pll/CLKIN1
Low Pulse Width   Slow    PLLE2_ADV/CLKIN1  n/a            1.400         2.500       1.100                u_pll/CLKIN1
High Pulse Width  Slow    PLLE2_ADV/CLKIN1  n/a            1.400         2.500       1.100                u_pll/CLKIN1



---------------------------------------------------------------------------------------------------
From Clock:  clk_pll_out
  To Clock:  clk_pll_out

Setup :           NA  Failing Endpoints,  Worst Slack           NA  ,  Total Violation           NA
Hold  :           NA  Failing Endpoints,  Worst Slack           NA  ,  Total Violation           NA
PW    :            0  Failing Endpoints,  Worst Slack        5.067ns,  Total Violation        0.000ns
---------------------------------------------------------------------------------------------------


Pulse Width Checks
--------------------------------------------------------------------------------------
Clock Name:         clk_pll_out
Waveform(ns):       { 0.000 3.333 }
Period(ns):         6.667
Sources:            { u_pll/CLKOUT0 }

Check Type  Corner  Lib Pin            Reference Pin  Required(ns)  Actual(ns)  Slack(ns)  Location  Pin
Min Period  n/a     BUFG/I             n/a            1.600         6.667       5.067                u_bufg_core/I
Max Period  n/a     PLLE2_ADV/CLKOUT0  n/a            160.000       6.667       153.333              u_pll/CLKOUT0



---------------------------------------------------------------------------------------------------
From Clock:  clk_core
  To Clock:  clk_core

Setup :            0  Failing Endpoints,  Worst Slack        0.963ns,  Total Violation        0.000ns
Hold  :            0  Failing Endpoints,  Worst Slack        0.012ns,  Total Violation        0.000ns
PW    :            0  Failing Endpoints,  Worst Slack        2.423ns,  Total Violation        0.000ns
---------------------------------------------------------------------------------------------------


Max Delay Paths
--------------------------------------------------------------------------------------
Slack (MET) :             0.963ns  (required time - arrival time)
  Source:                 u_mem/mem_reg/CLKBWRCLK
                            (rising edge-triggered cell RAMB18E1 clocked by clk_core  {rise@0.000ns fall@3.333ns period=6.667ns})
  Destination:            u_mem/mem_reg/ADDRARDADDR[10]
                            (rising edge-triggered cell RAMB18E1 clocked by clk_core  {rise@0.000ns fall@3.333ns period=6.667ns})
  Path Group:             clk_core
  Path Type:              Setup (Max at Slow Process Corner)
  Requirement:            6.667ns  (clk_core rise@6.667ns - clk_core rise@0.000ns)
  Data Path Delay:        5.002ns  (logic 2.345ns (46.880%)  route 2.657ns (53.120%))
  Logic Levels:           5  (LUT2=1 LUT3=2 LUT5=1 LUT6=1)
  Clock Path Skew:        -0.145ns (DCD - SCD + CPR)
    Destination Clock Delay (DCD):    -2.683ns = ( 3.984 - 6.667 ) 
    Source Clock Delay      (SCD):    -2.946ns
    Clock Pessimism Removal (CPR):    -0.408ns
  Clock Uncertainty:      0.078ns  ((TSJ^2 + DJ^2)^1/2) / 2 + PE
    Total System Jitter     (TSJ):    0.071ns
    Discrete Jitter          (DJ):    0.139ns
    Phase Error              (PE):    0.000ns

    Location             Delay type                Incr(ns)  Path(ns)    Netlist Resource(s)
  -------------------------------------------------------------------    -------------------
                         (clock clk_core rise edge)
                                                      0.000     0.000 r  
    AA10                                              0.000     0.000 r  clk_200M_p (IN)
                         net (fo=0)                   0.000     0.000    clk_200M_p
    AA10                 IBUFDS (Prop_ibufds_I_O)     0.979     0.979 r  u_ibufg_sys_clk/O
                         net (fo=1, unplaced)         0.584     1.563    clk_200m_ibuf
                         PLLE2_ADV (Prop_plle2_adv_CLKIN1_CLKOUT0)
                                                     -5.797    -4.234 r  u_pll/CLKOUT0
                         net (fo=1, unplaced)         0.584    -3.650    clk_pll_out
                         BUFG (Prop_bufg_I_O)         0.120    -3.530 r  u_bufg_core/O
                         net (fo=860, unplaced)       0.584    -2.946    u_mem/clk_core
                         RAMB18E1                                     r  u_mem/mem_reg/CLKBWRCLK
  -------------------------------------------------------------------    -------------------
                         RAMB18E1 (Prop_ramb18e1_CLKBWRCLK_DOBDO[1])
                                                      2.080    -0.866 f  u_mem/mem_reg/DOBDO[1]
                         net (fo=87, unplaced)        0.584    -0.283    u_mem/DOBDO[1]
                         LUT2 (Prop_lut2_I1_O)        0.053    -0.230 f  u_mem/mem_addr_q[7]_i_4/O
                         net (fo=9, unplaced)         0.381     0.151    u_mem/mem_addr_q[7]_i_4_n_0
                         LUT6 (Prop_lut6_I1_O)        0.053     0.204 f  u_mem/mem_addr_q[7]_i_2/O
                         net (fo=6, unplaced)         0.372     0.576    u_mem/mem_addr_q[7]_i_2_n_0
                         LUT3 (Prop_lut3_I0_O)        0.053     0.629 f  u_mem/mem_dst_q[2]_i_2/O
                         net (fo=2, unplaced)         0.351     0.980    u_core/mem_dst_q_reg[0]_0
                         LUT5 (Prop_lut5_I4_O)        0.053     1.033 r  u_core/mem_dst_q[2]_i_1/O
                         net (fo=11, unplaced)        0.386     1.419    u_core/u_regfile/mem_dst_q[0]
                         LUT3 (Prop_lut3_I1_O)        0.053     1.472 r  u_core/u_regfile/mem_reg_i_4/O
                         net (fo=1, unplaced)         0.584     2.056    u_mem/ADDRARDADDR[6]
                         RAMB18E1                                     r  u_mem/mem_reg/ADDRARDADDR[10]
  -------------------------------------------------------------------    -------------------

                         (clock clk_core rise edge)
                                                      6.667     6.667 r  
    AA10                                              0.000     6.667 r  clk_200M_p (IN)
                         net (fo=0)                   0.000     6.667    clk_200M_p
    AA10                 IBUFDS (Prop_ibufds_I_O)     0.861     7.528 r  u_ibufg_sys_clk/O
                         net (fo=1, unplaced)         0.439     7.967    clk_200m_ibuf
                         PLLE2_ADV (Prop_plle2_adv_CLKIN1_CLKOUT0)
                                                     -5.089     2.877 r  u_pll/CLKOUT0
                         net (fo=1, unplaced)         0.554     3.432    clk_pll_out
                         BUFG (Prop_bufg_I_O)         0.113     3.545 r  u_bufg_core/O
                         net (fo=860, unplaced)       0.439     3.984    u_mem/clk_core
                         RAMB18E1                                     r  u_mem/mem_reg/CLKARDCLK
                         clock pessimism             -0.408     3.575    
                         clock uncertainty           -0.078     3.497    
                         RAMB18E1 (Setup_ramb18e1_CLKARDCLK_ADDRARDADDR[10])
                                                     -0.479     3.018    u_mem/mem_reg
  -------------------------------------------------------------------
                         required time                          3.018    
                         arrival time                          -2.056    
  -------------------------------------------------------------------
                         slack                                  0.963    





Min Delay Paths
--------------------------------------------------------------------------------------
Slack (MET) :             0.012ns  (arrival time - required time)
  Source:                 u_io/u_audio/dsm_error_q_reg[0]/C
                            (rising edge-triggered cell FDRE clocked by clk_core  {rise@0.000ns fall@3.333ns period=6.667ns})
  Destination:            u_io/u_audio/dsm_error_q_reg[1]/D
                            (rising edge-triggered cell FDRE clocked by clk_core  {rise@0.000ns fall@3.333ns period=6.667ns})
  Path Group:             clk_core
  Path Type:              Hold (Min at Fast Process Corner)
  Requirement:            0.000ns  (clk_core rise@0.000ns - clk_core rise@0.000ns)
  Data Path Delay:        0.231ns  (logic 0.166ns (71.757%)  route 0.065ns (28.243%))
  Logic Levels:           1  (CARRY4=1)
  Clock Path Skew:        0.145ns (DCD - SCD - CPR)
    Destination Clock Delay (DCD):    -0.826ns
    Source Clock Delay      (SCD):    -0.759ns
    Clock Pessimism Removal (CPR):    -0.212ns

    Location             Delay type                Incr(ns)  Path(ns)    Netlist Resource(s)
  -------------------------------------------------------------------    -------------------
                         (clock clk_core rise edge)
                                                      0.000     0.000 r  
    AA10                                              0.000     0.000 r  clk_200M_p (IN)
                         net (fo=0)                   0.000     0.000    clk_200M_p
    AA10                 IBUFDS (Prop_ibufds_I_O)     0.336     0.336 r  u_ibufg_sys_clk/O
                         net (fo=1, unplaced)         0.114     0.450    clk_200m_ibuf
                         PLLE2_ADV (Prop_plle2_adv_CLKIN1_CLKOUT0)
                                                     -1.595    -1.145 r  u_pll/CLKOUT0
                         net (fo=1, unplaced)         0.246    -0.899    clk_pll_out
                         BUFG (Prop_bufg_I_O)         0.026    -0.873 r  u_bufg_core/O
                         net (fo=860, unplaced)       0.114    -0.759    u_io/u_audio/clk_core
                         FDRE                                         r  u_io/u_audio/dsm_error_q_reg[0]/C
  -------------------------------------------------------------------    -------------------
                         FDRE (Prop_fdre_C_Q)         0.104    -0.655 r  u_io/u_audio/dsm_error_q_reg[0]/Q
                         net (fo=2, unplaced)         0.065    -0.590    u_io/u_audio/dsm_error_q[0]
                         CARRY4 (Prop_carry4_DI[0]_O[1])
                                                      0.062    -0.528 r  u_io/u_audio/dsm_error_q_reg[3]_i_1/O[1]
                         net (fo=1, unplaced)         0.000    -0.528    u_io/u_audio/dsm_sum[1]
                         FDRE                                         r  u_io/u_audio/dsm_error_q_reg[1]/D
  -------------------------------------------------------------------    -------------------

                         (clock clk_core rise edge)
                                                      0.000     0.000 r  
    AA10                                              0.000     0.000 r  clk_200M_p (IN)
                         net (fo=0)                   0.000     0.000    clk_200M_p
    AA10                 IBUFDS (Prop_ibufds_I_O)     0.417     0.417 r  u_ibufg_sys_clk/O
                         net (fo=1, unplaced)         0.259     0.676    clk_200m_ibuf
                         PLLE2_ADV (Prop_plle2_adv_CLKIN1_CLKOUT0)
                                                     -2.050    -1.374 r  u_pll/CLKOUT0
                         net (fo=1, unplaced)         0.259    -1.115    clk_pll_out
                         BUFG (Prop_bufg_I_O)         0.030    -1.085 r  u_bufg_core/O
                         net (fo=860, unplaced)       0.259    -0.826    u_io/u_audio/clk_core
                         FDRE                                         r  u_io/u_audio/dsm_error_q_reg[1]/C
                         clock pessimism              0.212    -0.614    
                         FDRE (Hold_fdre_C_D)         0.074    -0.540    u_io/u_audio/dsm_error_q_reg[1]
  -------------------------------------------------------------------
                         required time                          0.540    
                         arrival time                          -0.528    
  -------------------------------------------------------------------
                         slack                                  0.012    





Pulse Width Checks
--------------------------------------------------------------------------------------
Clock Name:         clk_core
Waveform(ns):       { 0.000 3.333 }
Period(ns):         6.667
Sources:            { u_bufg_core/O }

Check Type        Corner  Lib Pin             Reference Pin  Required(ns)  Actual(ns)  Slack(ns)  Location  Pin
Min Period        n/a     RAMB18E1/CLKARDCLK  n/a            2.495         6.667       4.172                u_mem/mem_reg/CLKARDCLK
Low Pulse Width   Slow    RAMD32/CLK          n/a            0.910         3.333       2.423                u_io/u_filo/stack_mem_reg_0_7_0_5/RAMA/CLK
High Pulse Width  Slow    RAMD32/CLK          n/a            0.910         3.333       2.423                u_io/u_filo/stack_mem_reg_0_7_0_5/RAMA/CLK



---------------------------------------------------------------------------------------------------
From Clock:  clkfb_pll
  To Clock:  clkfb_pll

Setup :           NA  Failing Endpoints,  Worst Slack           NA  ,  Total Violation           NA
Hold  :           NA  Failing Endpoints,  Worst Slack           NA  ,  Total Violation           NA
PW    :            0  Failing Endpoints,  Worst Slack       18.400ns,  Total Violation        0.000ns
---------------------------------------------------------------------------------------------------


Pulse Width Checks
--------------------------------------------------------------------------------------
Clock Name:         clkfb_pll
Waveform(ns):       { 0.000 10.000 }
Period(ns):         20.000
Sources:            { u_pll/CLKFBOUT }

Check Type  Corner  Lib Pin            Reference Pin  Required(ns)  Actual(ns)  Slack(ns)  Location  Pin
Min Period  n/a     BUFG/I             n/a            1.600         20.000      18.400               u_bufg_fb/I
Max Period  n/a     PLLE2_ADV/CLKFBIN  n/a            52.633        20.000      32.633               u_pll/CLKFBIN



