Copyright 1986-2022 Xilinx, Inc. All Rights Reserved. Copyright 2022-2025 Advanced Micro Devices, Inc. All Rights Reserved.
------------------------------------------------------------------------------------------------------------------------------------------------------
| Tool Version : Vivado v.2025.2 (lin64) Build 6299465 Fri Nov 14 12:34:56 MST 2025
| Date         : Thu Apr  9 15:14:17 2026
| Host         : j31415-s3pro running 64-bit Manjaro Linux
| Command      : report_timing_summary -file /home/j31415/repos/min8_cpu/fpga/xc7k70t_uart_peripheral_boot_demo/reports/timing_summary_post_route.rpt
| Design       : min8_uart_peripheral_boot_bram_top
| Device       : 7k70t-fbg676
| Speed File   : -1  PRODUCTION 1.12 2017-02-17
| Design State : Routed
------------------------------------------------------------------------------------------------------------------------------------------------------

Timing Summary Report

------------------------------------------------------------------------------------------------
| Timer Settings
| --------------
------------------------------------------------------------------------------------------------

  Enable Multi Corner Analysis               :  Yes
  Enable Pessimism Removal                   :  Yes
  Pessimism Removal Resolution               :  Nearest Common Node
  Enable Input Delay Default Clock           :  No
  Enable Preset / Clear Arcs                 :  No
  Disable Flight Delays                      :  No
  Ignore I/O Paths                           :  No
  Timing Early Launch at Borrowing Latches   :  No
  Borrow Time for Max Delay Exceptions       :  Yes
  Merge Timing Exceptions                    :  Yes
  Inter-SLR Compensation                     :  Conservative

  Corner  Analyze    Analyze    
  Name    Max Paths  Min Paths  
  ------  ---------  ---------  
  Slow    Yes        Yes        
  Fast    Yes        Yes        


------------------------------------------------------------------------------------------------
| Report Methodology
| ------------------
------------------------------------------------------------------------------------------------

Rule     Severity  Description                                 Violations  
-------  --------  ------------------------------------------  ----------  
SYNTH-6  Warning   Timing of a RAM block might be sub-optimal  1           

Note: This report is based on the most recent report_methodology run and may not be up-to-date. Run report_methodology on the current design for the latest report.



check_timing report

Table of Contents
-----------------
1. checking no_clock (0)
2. checking constant_clock (0)
3. checking pulse_width_clock (0)
4. checking unconstrained_internal_endpoints (0)
5. checking no_input_delay (3)
6. checking no_output_delay (11)
7. checking multiple_clock (0)
8. checking generated_clocks (0)
9. checking loops (0)
10. checking partial_input_delay (0)
11. checking partial_output_delay (0)
12. checking latch_loops (0)

1. checking no_clock (0)
------------------------
 There are 0 register/latch pins with no clock.


2. checking constant_clock (0)
------------------------------
 There are 0 register/latch pins with constant_clock.


3. checking pulse_width_clock (0)
---------------------------------
 There are 0 register/latch pins which need pulse_width check


4. checking unconstrained_internal_endpoints (0)
------------------------------------------------
 There are 0 pins that are not constrained for maximum delay.

 There are 0 pins that are not constrained for maximum delay due to constant clock.


5. checking no_input_delay (3)
------------------------------
 There are 3 input ports with no input delay specified. (HIGH)

 There are 0 input ports with no input delay but user has a false path constraint.


6. checking no_output_delay (11)
--------------------------------
 There are 11 ports with no output delay specified. (HIGH)

 There are 0 ports with no output delay but user has a false path constraint

 There are 0 ports with no output delay but with a timing clock defined on it or propagating through it


7. checking multiple_clock (0)
------------------------------
 There are 0 register/latch pins with multiple clocks.


8. checking generated_clocks (0)
--------------------------------
 There are 0 generated clocks that are not connected to a clock source.


9. checking loops (0)
---------------------
 There are 0 combinational loops in the design.


10. checking partial_input_delay (0)
------------------------------------
 There are 0 input ports with partial input delay specified.


11. checking partial_output_delay (0)
-------------------------------------
 There are 0 ports with partial output delay specified.


12. checking latch_loops (0)
----------------------------
 There are 0 combinational latch loops in the design through latch input



------------------------------------------------------------------------------------------------
| Design Timing Summary
| ---------------------
------------------------------------------------------------------------------------------------

    WNS(ns)      TNS(ns)  TNS Failing Endpoints  TNS Total Endpoints      WHS(ns)      THS(ns)  THS Failing Endpoints  THS Total Endpoints     WPWS(ns)     TPWS(ns)  TPWS Failing Endpoints  TPWS Total Endpoints  
    -------      -------  ---------------------  -------------------      -------      -------  ---------------------  -------------------     --------     --------  ----------------------  --------------------  
      0.705        0.000                      0                 2454        0.096        0.000                      0                 2454        1.100        0.000                       0                   866  


All user specified timing constraints are met.


------------------------------------------------------------------------------------------------
| Clock Summary
| -------------
------------------------------------------------------------------------------------------------

Clock          Waveform(ns)         Period(ns)      Frequency(MHz)
-----          ------------         ----------      --------------
clk_200m_in    {0.000 2.500}        5.000           200.000         
  clk_pll_out  {0.000 3.333}        6.667           150.000         
    clk_core   {0.000 3.333}        6.667           150.000         
  clkfb_pll    {0.000 10.000}       20.000          50.000          


------------------------------------------------------------------------------------------------
| Intra Clock Table
| -----------------
------------------------------------------------------------------------------------------------

Clock              WNS(ns)      TNS(ns)  TNS Failing Endpoints  TNS Total Endpoints      WHS(ns)      THS(ns)  THS Failing Endpoints  THS Total Endpoints     WPWS(ns)     TPWS(ns)  TPWS Failing Endpoints  TPWS Total Endpoints  
-----              -------      -------  ---------------------  -------------------      -------      -------  ---------------------  -------------------     --------     --------  ----------------------  --------------------  
clk_200m_in                                                                                                                                                      1.100        0.000                       0                     1  
  clk_pll_out                                                                                                                                                    5.067        0.000                       0                     2  
    clk_core         0.705        0.000                      0                 2454        0.096        0.000                      0                 2454        2.423        0.000                       0                   860  
  clkfb_pll                                                                                                                                                     18.400        0.000                       0                     3  


------------------------------------------------------------------------------------------------
| Inter Clock Table
| -----------------
------------------------------------------------------------------------------------------------

From Clock    To Clock          WNS(ns)      TNS(ns)  TNS Failing Endpoints  TNS Total Endpoints      WHS(ns)      THS(ns)  THS Failing Endpoints  THS Total Endpoints  
----------    --------          -------      -------  ---------------------  -------------------      -------      -------  ---------------------  -------------------  


------------------------------------------------------------------------------------------------
| Other Path Groups Table
| -----------------------
------------------------------------------------------------------------------------------------

Path Group    From Clock    To Clock          WNS(ns)      TNS(ns)  TNS Failing Endpoints  TNS Total Endpoints      WHS(ns)      THS(ns)  THS Failing Endpoints  THS Total Endpoints  
----------    ----------    --------          -------      -------  ---------------------  -------------------      -------      -------  ---------------------  -------------------  


------------------------------------------------------------------------------------------------
| Timing Details
| --------------
------------------------------------------------------------------------------------------------


---------------------------------------------------------------------------------------------------
From Clock:  clk_200m_in
  To Clock:  clk_200m_in

Setup :           NA  Failing Endpoints,  Worst Slack           NA  ,  Total Violation           NA
Hold  :           NA  Failing Endpoints,  Worst Slack           NA  ,  Total Violation           NA
PW    :            0  Failing Endpoints,  Worst Slack        1.100ns,  Total Violation        0.000ns
---------------------------------------------------------------------------------------------------


Pulse Width Checks
--------------------------------------------------------------------------------------
Clock Name:         clk_200m_in
Waveform(ns):       { 0.000 2.500 }
Period(ns):         5.000
Sources:            { clk_200M_p }

Check Type        Corner  Lib Pin           Reference Pin  Required(ns)  Actual(ns)  Slack(ns)  Location        Pin
Min Period        n/a     PLLE2_ADV/CLKIN1  n/a            1.249         5.000       3.751      PLLE2_ADV_X1Y0  u_pll/CLKIN1
Max Period        n/a     PLLE2_ADV/CLKIN1  n/a            52.633        5.000       47.633     PLLE2_ADV_X1Y0  u_pll/CLKIN1
Low Pulse Width   Slow    PLLE2_ADV/CLKIN1  n/a            1.400         2.500       1.100      PLLE2_ADV_X1Y0  u_pll/CLKIN1
High Pulse Width  Slow    PLLE2_ADV/CLKIN1  n/a            1.400         2.500       1.100      PLLE2_ADV_X1Y0  u_pll/CLKIN1



---------------------------------------------------------------------------------------------------
From Clock:  clk_pll_out
  To Clock:  clk_pll_out

Setup :           NA  Failing Endpoints,  Worst Slack           NA  ,  Total Violation           NA
Hold  :           NA  Failing Endpoints,  Worst Slack           NA  ,  Total Violation           NA
PW    :            0  Failing Endpoints,  Worst Slack        5.067ns,  Total Violation        0.000ns
---------------------------------------------------------------------------------------------------


Pulse Width Checks
--------------------------------------------------------------------------------------
Clock Name:         clk_pll_out
Waveform(ns):       { 0.000 3.333 }
Period(ns):         6.667
Sources:            { u_pll/CLKOUT0 }

Check Type  Corner  Lib Pin            Reference Pin  Required(ns)  Actual(ns)  Slack(ns)  Location        Pin
Min Period  n/a     BUFG/I             n/a            1.600         6.667       5.067      BUFGCTRL_X0Y0   u_bufg_core/I
Max Period  n/a     PLLE2_ADV/CLKOUT0  n/a            160.000       6.667       153.333    PLLE2_ADV_X1Y0  u_pll/CLKOUT0



---------------------------------------------------------------------------------------------------
From Clock:  clk_core
  To Clock:  clk_core

Setup :            0  Failing Endpoints,  Worst Slack        0.705ns,  Total Violation        0.000ns
Hold  :            0  Failing Endpoints,  Worst Slack        0.096ns,  Total Violation        0.000ns
PW    :            0  Failing Endpoints,  Worst Slack        2.423ns,  Total Violation        0.000ns
---------------------------------------------------------------------------------------------------


Max Delay Paths
--------------------------------------------------------------------------------------
Slack (MET) :             0.705ns  (required time - arrival time)
  Source:                 u_mem/mem_reg/CLKBWRCLK
                            (rising edge-triggered cell RAMB18E1 clocked by clk_core  {rise@0.000ns fall@3.333ns period=6.667ns})
  Destination:            u_core/u_regfile/regs_reg[0][5]/D
                            (rising edge-triggered cell FDRE clocked by clk_core  {rise@0.000ns fall@3.333ns period=6.667ns})
  Path Group:             clk_core
  Path Type:              Setup (Max at Slow Process Corner)
  Requirement:            6.667ns  (clk_core rise@6.667ns - clk_core rise@0.000ns)
  Data Path Delay:        5.946ns  (logic 2.426ns (40.801%)  route 3.520ns (59.199%))
  Logic Levels:           4  (LUT2=1 LUT6=3)
  Clock Path Skew:        0.058ns (DCD - SCD + CPR)
    Destination Clock Delay (DCD):    -1.915ns = ( 4.752 - 6.667 ) 
    Source Clock Delay      (SCD):    -2.417ns
    Clock Pessimism Removal (CPR):    -0.443ns
  Clock Uncertainty:      0.078ns  ((TSJ^2 + DJ^2)^1/2) / 2 + PE
    Total System Jitter     (TSJ):    0.071ns
    Discrete Jitter          (DJ):    0.139ns
    Phase Error              (PE):    0.000ns

    Location             Delay type                Incr(ns)  Path(ns)    Netlist Resource(s)
  -------------------------------------------------------------------    -------------------
                         (clock clk_core rise edge)
                                                      0.000     0.000 r  
    AA10                                              0.000     0.000 r  clk_200M_p (IN)
                         net (fo=0)                   0.000     0.000    clk_200M_p
    AA10                 IBUFDS (Prop_ibufds_I_O)     0.979     0.979 r  u_ibufg_sys_clk/O
                         net (fo=1, routed)           1.253     2.232    clk_200m_ibuf
    PLLE2_ADV_X1Y0       PLLE2_ADV (Prop_plle2_adv_CLKIN1_CLKOUT0)
                                                     -8.129    -5.897 r  u_pll/CLKOUT0
                         net (fo=1, routed)           1.925    -3.972    clk_pll_out
    BUFGCTRL_X0Y0        BUFG (Prop_bufg_I_O)         0.120    -3.852 r  u_bufg_core/O
                         net (fo=860, routed)         1.436    -2.417    u_mem/clk_core
    RAMB18_X0Y20         RAMB18E1                                     r  u_mem/mem_reg/CLKBWRCLK
  -------------------------------------------------------------------    -------------------
    RAMB18_X0Y20         RAMB18E1 (Prop_ramb18e1_CLKBWRCLK_DOBDO[1])
                                                      2.080    -0.337 f  u_mem/mem_reg/DOBDO[1]
                         net (fo=87, routed)          1.327     0.990    u_mem/DOBDO[1]
    SLICE_X22Y48         LUT2 (Prop_lut2_I1_O)        0.068     1.058 r  u_mem/c_i_9/O
                         net (fo=5, routed)           0.483     1.541    u_mem/mem_reg_20
    SLICE_X22Y49         LUT6 (Prop_lut6_I2_O)        0.172     1.713 r  u_mem/regs[1][5]_i_8/O
                         net (fo=1, routed)           0.580     2.292    u_mem/regs[1][5]_i_8_n_0
    SLICE_X19Y46         LUT6 (Prop_lut6_I5_O)        0.053     2.345 f  u_mem/regs[1][5]_i_2/O
                         net (fo=2, routed)           0.490     2.836    u_core/u_regfile/regs_reg[0][5]_0
    SLICE_X15Y50         LUT6 (Prop_lut6_I0_O)        0.053     2.889 r  u_core/u_regfile/regs[1][5]_i_1/O
                         net (fo=8, routed)           0.640     3.529    u_core/u_regfile/regs[1][5]_i_1_n_0
    SLICE_X14Y48         FDRE                                         r  u_core/u_regfile/regs_reg[0][5]/D
  -------------------------------------------------------------------    -------------------

                         (clock clk_core rise edge)
                                                      6.667     6.667 r  
    AA10                                              0.000     6.667 r  clk_200M_p (IN)
                         net (fo=0)                   0.000     6.667    clk_200M_p
    AA10                 IBUFDS (Prop_ibufds_I_O)     0.861     7.528 r  u_ibufg_sys_clk/O
                         net (fo=1, routed)           1.170     8.698    clk_200m_ibuf
    PLLE2_ADV_X1Y0       PLLE2_ADV (Prop_plle2_adv_CLKIN1_CLKOUT0)
                                                     -7.374     1.324 r  u_pll/CLKOUT0
                         net (fo=1, routed)           1.831     3.155    clk_pll_out
    BUFGCTRL_X0Y0        BUFG (Prop_bufg_I_O)         0.113     3.268 r  u_bufg_core/O
                         net (fo=860, routed)         1.484     4.752    u_core/u_regfile/clk_core
    SLICE_X14Y48         FDRE                                         r  u_core/u_regfile/regs_reg[0][5]/C
                         clock pessimism             -0.443     4.308    
                         clock uncertainty           -0.078     4.230    
    SLICE_X14Y48         FDRE (Setup_fdre_C_D)        0.004     4.234    u_core/u_regfile/regs_reg[0][5]
  -------------------------------------------------------------------
                         required time                          4.234    
                         arrival time                          -3.529    
  -------------------------------------------------------------------
                         slack                                  0.705    





Min Delay Paths
--------------------------------------------------------------------------------------
Slack (MET) :             0.096ns  (arrival time - required time)
  Source:                 u_core/mem_wdata_q_reg[6]/C
                            (rising edge-triggered cell FDRE clocked by clk_core  {rise@0.000ns fall@3.333ns period=6.667ns})
  Destination:            u_mem/mem_reg/DIADI[6]
                            (rising edge-triggered cell RAMB18E1 clocked by clk_core  {rise@0.000ns fall@3.333ns period=6.667ns})
  Path Group:             clk_core
  Path Type:              Hold (Min at Fast Process Corner)
  Requirement:            0.000ns  (clk_core rise@0.000ns - clk_core rise@0.000ns)
  Data Path Delay:        0.262ns  (logic 0.107ns (40.914%)  route 0.155ns (59.086%))
  Logic Levels:           0  
  Clock Path Skew:        0.047ns (DCD - SCD - CPR)
    Destination Clock Delay (DCD):    -0.558ns
    Source Clock Delay      (SCD):    -0.405ns
    Clock Pessimism Removal (CPR):    -0.199ns

    Location             Delay type                Incr(ns)  Path(ns)    Netlist Resource(s)
  -------------------------------------------------------------------    -------------------
                         (clock clk_core rise edge)
                                                      0.000     0.000 r  
    AA10                                              0.000     0.000 r  clk_200M_p (IN)
                         net (fo=0)                   0.000     0.000    clk_200M_p
    AA10                 IBUFDS (Prop_ibufds_I_O)     0.336     0.336 r  u_ibufg_sys_clk/O
                         net (fo=1, routed)           0.503     0.839    clk_200m_ibuf
    PLLE2_ADV_X1Y0       PLLE2_ADV (Prop_plle2_adv_CLKIN1_CLKOUT0)
                                                     -2.550    -1.711 r  u_pll/CLKOUT0
                         net (fo=1, routed)           0.728    -0.983    clk_pll_out
    BUFGCTRL_X0Y0        BUFG (Prop_bufg_I_O)         0.026    -0.957 r  u_bufg_core/O
                         net (fo=860, routed)         0.552    -0.405    u_core/clk_core
    SLICE_X8Y51          FDRE                                         r  u_core/mem_wdata_q_reg[6]/C
  -------------------------------------------------------------------    -------------------
    SLICE_X8Y51          FDRE (Prop_fdre_C_Q)         0.107    -0.298 r  u_core/mem_wdata_q_reg[6]/Q
                         net (fo=1, routed)           0.155    -0.143    u_mem/mem_reg_29[6]
    RAMB18_X0Y20         RAMB18E1                                     r  u_mem/mem_reg/DIADI[6]
  -------------------------------------------------------------------    -------------------

                         (clock clk_core rise edge)
                                                      0.000     0.000 r  
    AA10                                              0.000     0.000 r  clk_200M_p (IN)
                         net (fo=0)                   0.000     0.000    clk_200M_p
    AA10                 IBUFDS (Prop_ibufds_I_O)     0.417     0.417 r  u_ibufg_sys_clk/O
                         net (fo=1, routed)           0.554     0.971    clk_200m_ibuf
    PLLE2_ADV_X1Y0       PLLE2_ADV (Prop_plle2_adv_CLKIN1_CLKOUT0)
                                                     -3.133    -2.162 r  u_pll/CLKOUT0
                         net (fo=1, routed)           0.790    -1.372    clk_pll_out
    BUFGCTRL_X0Y0        BUFG (Prop_bufg_I_O)         0.030    -1.342 r  u_bufg_core/O
                         net (fo=860, routed)         0.785    -0.558    u_mem/clk_core
    RAMB18_X0Y20         RAMB18E1                                     r  u_mem/mem_reg/CLKARDCLK
                         clock pessimism              0.199    -0.358    
    RAMB18_X0Y20         RAMB18E1 (Hold_ramb18e1_CLKARDCLK_DIADI[6])
                                                      0.119    -0.239    u_mem/mem_reg
  -------------------------------------------------------------------
                         required time                          0.239    
                         arrival time                          -0.143    
  -------------------------------------------------------------------
                         slack                                  0.096    





Pulse Width Checks
--------------------------------------------------------------------------------------
Clock Name:         clk_core
Waveform(ns):       { 0.000 3.333 }
Period(ns):         6.667
Sources:            { u_bufg_core/O }

Check Type        Corner  Lib Pin             Reference Pin  Required(ns)  Actual(ns)  Slack(ns)  Location      Pin
Min Period        n/a     RAMB18E1/CLKARDCLK  n/a            2.495         6.667       4.172      RAMB18_X0Y20  u_mem/mem_reg/CLKARDCLK
Low Pulse Width   Slow    RAMD32/CLK          n/a            0.910         3.333       2.423      SLICE_X14Y54  u_io/u_filo/stack_mem_reg_0_7_0_5/RAMA/CLK
High Pulse Width  Slow    RAMD32/CLK          n/a            0.910         3.333       2.423      SLICE_X14Y54  u_io/u_filo/stack_mem_reg_0_7_0_5/RAMA/CLK



---------------------------------------------------------------------------------------------------
From Clock:  clkfb_pll
  To Clock:  clkfb_pll

Setup :           NA  Failing Endpoints,  Worst Slack           NA  ,  Total Violation           NA
Hold  :           NA  Failing Endpoints,  Worst Slack           NA  ,  Total Violation           NA
PW    :            0  Failing Endpoints,  Worst Slack       18.400ns,  Total Violation        0.000ns
---------------------------------------------------------------------------------------------------


Pulse Width Checks
--------------------------------------------------------------------------------------
Clock Name:         clkfb_pll
Waveform(ns):       { 0.000 10.000 }
Period(ns):         20.000
Sources:            { u_pll/CLKFBOUT }

Check Type  Corner  Lib Pin            Reference Pin  Required(ns)  Actual(ns)  Slack(ns)  Location        Pin
Min Period  n/a     BUFG/I             n/a            1.600         20.000      18.400     BUFGCTRL_X0Y1   u_bufg_fb/I
Max Period  n/a     PLLE2_ADV/CLKFBIN  n/a            52.633        20.000      32.633     PLLE2_ADV_X1Y0  u_pll/CLKFBIN



